<?xml version="1.0" encoding="UTF-8"?>
<testsuite xmlns:xsi="http://www.w3.org/2001/XMLSchema-instance" xsi:noNamespaceSchemaLocation="https://maven.apache.org/surefire/maven-surefire-plugin/xsd/surefire-test-report.xsd" name="com.person.springboot.HelloWorldApplicationTests" time="10.652" tests="1" errors="0" skipped="0" failures="0">
  <properties>
    <property name="sun.desktop" value="windows"/>
    <property name="awt.toolkit" value="sun.awt.windows.WToolkit"/>
    <property name="file.encoding.pkg" value="sun.io"/>
    <property name="java.specification.version" value="1.8"/>
    <property name="sun.cpu.isalist" value="amd64"/>
    <property name="sun.jnu.encoding" value="GBK"/>
    <property name="java.class.path" value="E:\Document\code\SpringBoot\HelloWorld\target\test-classes;E:\Document\code\SpringBoot\HelloWorld\target\classes;D:\softwareInstall\apache-maven-3.5.3\apache-maven-3.5.3-bin\repository\org\springframework\boot\spring-boot-starter\2.0.3.RELEASE\spring-boot-starter-2.0.3.RELEASE.jar;D:\softwareInstall\apache-maven-3.5.3\apache-maven-3.5.3-bin\repository\org\springframework\boot\spring-boot\2.0.3.RELEASE\spring-boot-2.0.3.RELEASE.jar;D:\softwareInstall\apache-maven-3.5.3\apache-maven-3.5.3-bin\repository\org\springframework\spring-context\5.0.7.RELEASE\spring-context-5.0.7.RELEASE.jar;D:\softwareInstall\apache-maven-3.5.3\apache-maven-3.5.3-bin\repository\org\springframework\boot\spring-boot-autoconfigure\2.0.3.RELEASE\spring-boot-autoconfigure-2.0.3.RELEASE.jar;D:\softwareInstall\apache-maven-3.5.3\apache-maven-3.5.3-bin\repository\org\springframework\boot\spring-boot-starter-logging\2.0.3.RELEASE\spring-boot-starter-logging-2.0.3.RELEASE.jar;D:\softwareInstall\apache-maven-3.5.3\apache-maven-3.5.3-bin\repository\ch\qos\logback\logback-classic\1.2.3\logback-classic-1.2.3.jar;D:\softwareInstall\apache-maven-3.5.3\apache-maven-3.5.3-bin\repository\ch\qos\logback\logback-core\1.2.3\logback-core-1.2.3.jar;D:\softwareInstall\apache-maven-3.5.3\apache-maven-3.5.3-bin\repository\org\apache\logging\log4j\log4j-to-slf4j\2.10.0\log4j-to-slf4j-2.10.0.jar;D:\softwareInstall\apache-maven-3.5.3\apache-maven-3.5.3-bin\repository\javax\annotation\javax.annotation-api\1.3.2\javax.annotation-api-1.3.2.jar;D:\softwareInstall\apache-maven-3.5.3\apache-maven-3.5.3-bin\repository\org\springframework\spring-core\5.0.7.RELEASE\spring-core-5.0.7.RELEASE.jar;D:\softwareInstall\apache-maven-3.5.3\apache-maven-3.5.3-bin\repository\org\springframework\spring-jcl\5.0.7.RELEASE\spring-jcl-5.0.7.RELEASE.jar;D:\softwareInstall\apache-maven-3.5.3\apache-maven-3.5.3-bin\repository\org\yaml\snakeyaml\1.19\snakeyaml-1.19.jar;D:\softwareInstall\apache-maven-3.5.3\apache-maven-3.5.3-bin\repository\org\springframework\boot\spring-boot-starter-web\2.0.3.RELEASE\spring-boot-starter-web-2.0.3.RELEASE.jar;D:\softwareInstall\apache-maven-3.5.3\apache-maven-3.5.3-bin\repository\org\springframework\boot\spring-boot-starter-json\2.0.3.RELEASE\spring-boot-starter-json-2.0.3.RELEASE.jar;D:\softwareInstall\apache-maven-3.5.3\apache-maven-3.5.3-bin\repository\com\fasterxml\jackson\core\jackson-databind\2.9.6\jackson-databind-2.9.6.jar;D:\softwareInstall\apache-maven-3.5.3\apache-maven-3.5.3-bin\repository\com\fasterxml\jackson\core\jackson-annotations\2.9.0\jackson-annotations-2.9.0.jar;D:\softwareInstall\apache-maven-3.5.3\apache-maven-3.5.3-bin\repository\com\fasterxml\jackson\core\jackson-core\2.9.6\jackson-core-2.9.6.jar;D:\softwareInstall\apache-maven-3.5.3\apache-maven-3.5.3-bin\repository\com\fasterxml\jackson\datatype\jackson-datatype-jdk8\2.9.6\jackson-datatype-jdk8-2.9.6.jar;D:\softwareInstall\apache-maven-3.5.3\apache-maven-3.5.3-bin\repository\com\fasterxml\jackson\datatype\jackson-datatype-jsr310\2.9.6\jackson-datatype-jsr310-2.9.6.jar;D:\softwareInstall\apache-maven-3.5.3\apache-maven-3.5.3-bin\repository\com\fasterxml\jackson\module\jackson-module-parameter-names\2.9.6\jackson-module-parameter-names-2.9.6.jar;D:\softwareInstall\apache-maven-3.5.3\apache-maven-3.5.3-bin\repository\org\springframework\boot\spring-boot-starter-tomcat\2.0.3.RELEASE\spring-boot-starter-tomcat-2.0.3.RELEASE.jar;D:\softwareInstall\apache-maven-3.5.3\apache-maven-3.5.3-bin\repository\org\apache\tomcat\embed\tomcat-embed-core\8.5.31\tomcat-embed-core-8.5.31.jar;D:\softwareInstall\apache-maven-3.5.3\apache-maven-3.5.3-bin\repository\org\apache\tomcat\embed\tomcat-embed-el\8.5.31\tomcat-embed-el-8.5.31.jar;D:\softwareInstall\apache-maven-3.5.3\apache-maven-3.5.3-bin\repository\org\apache\tomcat\embed\tomcat-embed-websocket\8.5.31\tomcat-embed-websocket-8.5.31.jar;D:\softwareInstall\apache-maven-3.5.3\apache-maven-3.5.3-bin\repository\org\hibernate\validator\hibernate-validator\6.0.10.Final\hibernate-validator-6.0.10.Final.jar;D:\softwareInstall\apache-maven-3.5.3\apache-maven-3.5.3-bin\repository\javax\validation\validation-api\2.0.1.Final\validation-api-2.0.1.Final.jar;D:\softwareInstall\apache-maven-3.5.3\apache-maven-3.5.3-bin\repository\org\jboss\logging\jboss-logging\3.3.2.Final\jboss-logging-3.3.2.Final.jar;D:\softwareInstall\apache-maven-3.5.3\apache-maven-3.5.3-bin\repository\com\fasterxml\classmate\1.3.4\classmate-1.3.4.jar;D:\softwareInstall\apache-maven-3.5.3\apache-maven-3.5.3-bin\repository\org\springframework\spring-web\5.0.7.RELEASE\spring-web-5.0.7.RELEASE.jar;D:\softwareInstall\apache-maven-3.5.3\apache-maven-3.5.3-bin\repository\org\springframework\spring-beans\5.0.7.RELEASE\spring-beans-5.0.7.RELEASE.jar;D:\softwareInstall\apache-maven-3.5.3\apache-maven-3.5.3-bin\repository\org\springframework\spring-webmvc\5.0.7.RELEASE\spring-webmvc-5.0.7.RELEASE.jar;D:\softwareInstall\apache-maven-3.5.3\apache-maven-3.5.3-bin\repository\org\springframework\spring-aop\5.0.7.RELEASE\spring-aop-5.0.7.RELEASE.jar;D:\softwareInstall\apache-maven-3.5.3\apache-maven-3.5.3-bin\repository\org\springframework\spring-expression\5.0.7.RELEASE\spring-expression-5.0.7.RELEASE.jar;D:\softwareInstall\apache-maven-3.5.3\apache-maven-3.5.3-bin\repository\org\springframework\boot\spring-boot-starter-data-jpa\2.0.3.RELEASE\spring-boot-starter-data-jpa-2.0.3.RELEASE.jar;D:\softwareInstall\apache-maven-3.5.3\apache-maven-3.5.3-bin\repository\org\springframework\boot\spring-boot-starter-aop\2.0.3.RELEASE\spring-boot-starter-aop-2.0.3.RELEASE.jar;D:\softwareInstall\apache-maven-3.5.3\apache-maven-3.5.3-bin\repository\org\aspectj\aspectjweaver\1.8.13\aspectjweaver-1.8.13.jar;D:\softwareInstall\apache-maven-3.5.3\apache-maven-3.5.3-bin\repository\org\springframework\boot\spring-boot-starter-jdbc\2.0.3.RELEASE\spring-boot-starter-jdbc-2.0.3.RELEASE.jar;D:\softwareInstall\apache-maven-3.5.3\apache-maven-3.5.3-bin\repository\com\zaxxer\HikariCP\2.7.9\HikariCP-2.7.9.jar;D:\softwareInstall\apache-maven-3.5.3\apache-maven-3.5.3-bin\repository\org\springframework\spring-jdbc\5.0.7.RELEASE\spring-jdbc-5.0.7.RELEASE.jar;D:\softwareInstall\apache-maven-3.5.3\apache-maven-3.5.3-bin\repository\org\hibernate\hibernate-core\5.2.17.Final\hibernate-core-5.2.17.Final.jar;D:\softwareInstall\apache-maven-3.5.3\apache-maven-3.5.3-bin\repository\org\hibernate\javax\persistence\hibernate-jpa-2.1-api\1.0.2.Final\hibernate-jpa-2.1-api-1.0.2.Final.jar;D:\softwareInstall\apache-maven-3.5.3\apache-maven-3.5.3-bin\repository\org\javassist\javassist\3.22.0-GA\javassist-3.22.0-GA.jar;D:\softwareInstall\apache-maven-3.5.3\apache-maven-3.5.3-bin\repository\antlr\antlr\2.7.7\antlr-2.7.7.jar;D:\softwareInstall\apache-maven-3.5.3\apache-maven-3.5.3-bin\repository\org\jboss\jandex\2.0.3.Final\jandex-2.0.3.Final.jar;D:\softwareInstall\apache-maven-3.5.3\apache-maven-3.5.3-bin\repository\dom4j\dom4j\1.6.1\dom4j-1.6.1.jar;D:\softwareInstall\apache-maven-3.5.3\apache-maven-3.5.3-bin\repository\org\hibernate\common\hibernate-commons-annotations\5.0.1.Final\hibernate-commons-annotations-5.0.1.Final.jar;D:\softwareInstall\apache-maven-3.5.3\apache-maven-3.5.3-bin\repository\javax\transaction\javax.transaction-api\1.2\javax.transaction-api-1.2.jar;D:\softwareInstall\apache-maven-3.5.3\apache-maven-3.5.3-bin\repository\org\springframework\data\spring-data-jpa\2.0.8.RELEASE\spring-data-jpa-2.0.8.RELEASE.jar;D:\softwareInstall\apache-maven-3.5.3\apache-maven-3.5.3-bin\repository\org\springframework\data\spring-data-commons\2.0.8.RELEASE\spring-data-commons-2.0.8.RELEASE.jar;D:\softwareInstall\apache-maven-3.5.3\apache-maven-3.5.3-bin\repository\org\springframework\spring-orm\5.0.7.RELEASE\spring-orm-5.0.7.RELEASE.jar;D:\softwareInstall\apache-maven-3.5.3\apache-maven-3.5.3-bin\repository\org\springframework\spring-tx\5.0.7.RELEASE\spring-tx-5.0.7.RELEASE.jar;D:\softwareInstall\apache-maven-3.5.3\apache-maven-3.5.3-bin\repository\org\slf4j\slf4j-api\1.7.25\slf4j-api-1.7.25.jar;D:\softwareInstall\apache-maven-3.5.3\apache-maven-3.5.3-bin\repository\org\springframework\spring-aspects\5.0.7.RELEASE\spring-aspects-5.0.7.RELEASE.jar;D:\softwareInstall\apache-maven-3.5.3\apache-maven-3.5.3-bin\repository\mysql\mysql-connector-java\5.1.46\mysql-connector-java-5.1.46.jar;D:\softwareInstall\apache-maven-3.5.3\apache-maven-3.5.3-bin\repository\org\springframework\boot\spring-boot-starter-test\2.0.3.RELEASE\spring-boot-starter-test-2.0.3.RELEASE.jar;D:\softwareInstall\apache-maven-3.5.3\apache-maven-3.5.3-bin\repository\org\springframework\boot\spring-boot-test\2.0.3.RELEASE\spring-boot-test-2.0.3.RELEASE.jar;D:\softwareInstall\apache-maven-3.5.3\apache-maven-3.5.3-bin\repository\org\springframework\boot\spring-boot-test-autoconfigure\2.0.3.RELEASE\spring-boot-test-autoconfigure-2.0.3.RELEASE.jar;D:\softwareInstall\apache-maven-3.5.3\apache-maven-3.5.3-bin\repository\com\jayway\jsonpath\json-path\2.4.0\json-path-2.4.0.jar;D:\softwareInstall\apache-maven-3.5.3\apache-maven-3.5.3-bin\repository\net\minidev\json-smart\2.3\json-smart-2.3.jar;D:\softwareInstall\apache-maven-3.5.3\apache-maven-3.5.3-bin\repository\net\minidev\accessors-smart\1.2\accessors-smart-1.2.jar;D:\softwareInstall\apache-maven-3.5.3\apache-maven-3.5.3-bin\repository\org\ow2\asm\asm\5.0.4\asm-5.0.4.jar;D:\softwareInstall\apache-maven-3.5.3\apache-maven-3.5.3-bin\repository\junit\junit\4.12\junit-4.12.jar;D:\softwareInstall\apache-maven-3.5.3\apache-maven-3.5.3-bin\repository\org\assertj\assertj-core\3.9.1\assertj-core-3.9.1.jar;D:\softwareInstall\apache-maven-3.5.3\apache-maven-3.5.3-bin\repository\org\mockito\mockito-core\2.15.0\mockito-core-2.15.0.jar;D:\softwareInstall\apache-maven-3.5.3\apache-maven-3.5.3-bin\repository\net\bytebuddy\byte-buddy\1.7.11\byte-buddy-1.7.11.jar;D:\softwareInstall\apache-maven-3.5.3\apache-maven-3.5.3-bin\repository\net\bytebuddy\byte-buddy-agent\1.7.11\byte-buddy-agent-1.7.11.jar;D:\softwareInstall\apache-maven-3.5.3\apache-maven-3.5.3-bin\repository\org\objenesis\objenesis\2.6\objenesis-2.6.jar;D:\softwareInstall\apache-maven-3.5.3\apache-maven-3.5.3-bin\repository\org\hamcrest\hamcrest-core\1.3\hamcrest-core-1.3.jar;D:\softwareInstall\apache-maven-3.5.3\apache-maven-3.5.3-bin\repository\org\hamcrest\hamcrest-library\1.3\hamcrest-library-1.3.jar;D:\softwareInstall\apache-maven-3.5.3\apache-maven-3.5.3-bin\repository\org\skyscreamer\jsonassert\1.5.0\jsonassert-1.5.0.jar;D:\softwareInstall\apache-maven-3.5.3\apache-maven-3.5.3-bin\repository\com\vaadin\external\google\android-json\0.0.20131108.vaadin1\android-json-0.0.20131108.vaadin1.jar;D:\softwareInstall\apache-maven-3.5.3\apache-maven-3.5.3-bin\repository\org\springframework\spring-test\5.0.7.RELEASE\spring-test-5.0.7.RELEASE.jar;D:\softwareInstall\apache-maven-3.5.3\apache-maven-3.5.3-bin\repository\org\xmlunit\xmlunit-core\2.5.1\xmlunit-core-2.5.1.jar;D:\softwareInstall\apache-maven-3.5.3\apache-maven-3.5.3-bin\repository\org\springframework\boot\spring-boot-starter-thymeleaf\2.0.3.RELEASE\spring-boot-starter-thymeleaf-2.0.3.RELEASE.jar;D:\softwareInstall\apache-maven-3.5.3\apache-maven-3.5.3-bin\repository\org\thymeleaf\thymeleaf-spring5\3.0.9.RELEASE\thymeleaf-spring5-3.0.9.RELEASE.jar;D:\softwareInstall\apache-maven-3.5.3\apache-maven-3.5.3-bin\repository\org\thymeleaf\thymeleaf\3.0.9.RELEASE\thymeleaf-3.0.9.RELEASE.jar;D:\softwareInstall\apache-maven-3.5.3\apache-maven-3.5.3-bin\repository\org\attoparser\attoparser\2.0.4.RELEASE\attoparser-2.0.4.RELEASE.jar;D:\softwareInstall\apache-maven-3.5.3\apache-maven-3.5.3-bin\repository\org\unbescape\unbescape\1.1.5.RELEASE\unbescape-1.1.5.RELEASE.jar;D:\softwareInstall\apache-maven-3.5.3\apache-maven-3.5.3-bin\repository\org\thymeleaf\extras\thymeleaf-extras-java8time\3.0.1.RELEASE\thymeleaf-extras-java8time-3.0.1.RELEASE.jar;D:\softwareInstall\apache-maven-3.5.3\apache-maven-3.5.3-bin\repository\org\springframework\boot\spring-boot-starter-log4j2\2.0.3.RELEASE\spring-boot-starter-log4j2-2.0.3.RELEASE.jar;D:\softwareInstall\apache-maven-3.5.3\apache-maven-3.5.3-bin\repository\org\apache\logging\log4j\log4j-slf4j-impl\2.10.0\log4j-slf4j-impl-2.10.0.jar;D:\softwareInstall\apache-maven-3.5.3\apache-maven-3.5.3-bin\repository\org\apache\logging\log4j\log4j-api\2.10.0\log4j-api-2.10.0.jar;D:\softwareInstall\apache-maven-3.5.3\apache-maven-3.5.3-bin\repository\org\apache\logging\log4j\log4j-core\2.10.0\log4j-core-2.10.0.jar;D:\softwareInstall\apache-maven-3.5.3\apache-maven-3.5.3-bin\repository\org\apache\logging\log4j\log4j-jul\2.10.0\log4j-jul-2.10.0.jar;D:\softwareInstall\apache-maven-3.5.3\apache-maven-3.5.3-bin\repository\org\slf4j\jul-to-slf4j\1.7.25\jul-to-slf4j-1.7.25.jar;D:\softwareInstall\apache-maven-3.5.3\apache-maven-3.5.3-bin\repository\org\springframework\boot\spring-boot-devtools\2.0.3.RELEASE\spring-boot-devtools-2.0.3.RELEASE.jar;"/>
    <property name="java.vm.vendor" value="Oracle Corporation"/>
    <property name="sun.arch.data.model" value="64"/>
    <property name="user.variant" value=""/>
    <property name="java.vendor.url" value="http://java.oracle.com/"/>
    <property name="user.timezone" value=""/>
    <property name="java.vm.specification.version" value="1.8"/>
    <property name="os.name" value="Windows 10"/>
    <property name="user.country" value="CN"/>
    <property name="sun.java.launcher" value="SUN_STANDARD"/>
    <property name="sun.boot.library.path" value="D:\softwareInstall\JDK\jdk1.8.0_66\jre\bin"/>
    <property name="sun.java.command" value="C:\Users\HS\AppData\Local\Temp\surefire5370625777779540793\surefirebooter992894221825147646.jar C:\Users\HS\AppData\Local\Temp\surefire5370625777779540793 2018-07-21T20-08-03_041-jvmRun1 surefire1678040233345378768tmp surefire_01470721894739596111tmp"/>
    <property name="surefire.test.class.path" value="E:\Document\code\SpringBoot\HelloWorld\target\test-classes;E:\Document\code\SpringBoot\HelloWorld\target\classes;D:\softwareInstall\apache-maven-3.5.3\apache-maven-3.5.3-bin\repository\org\springframework\boot\spring-boot-starter\2.0.3.RELEASE\spring-boot-starter-2.0.3.RELEASE.jar;D:\softwareInstall\apache-maven-3.5.3\apache-maven-3.5.3-bin\repository\org\springframework\boot\spring-boot\2.0.3.RELEASE\spring-boot-2.0.3.RELEASE.jar;D:\softwareInstall\apache-maven-3.5.3\apache-maven-3.5.3-bin\repository\org\springframework\spring-context\5.0.7.RELEASE\spring-context-5.0.7.RELEASE.jar;D:\softwareInstall\apache-maven-3.5.3\apache-maven-3.5.3-bin\repository\org\springframework\boot\spring-boot-autoconfigure\2.0.3.RELEASE\spring-boot-autoconfigure-2.0.3.RELEASE.jar;D:\softwareInstall\apache-maven-3.5.3\apache-maven-3.5.3-bin\repository\org\springframework\boot\spring-boot-starter-logging\2.0.3.RELEASE\spring-boot-starter-logging-2.0.3.RELEASE.jar;D:\softwareInstall\apache-maven-3.5.3\apache-maven-3.5.3-bin\repository\ch\qos\logback\logback-classic\1.2.3\logback-classic-1.2.3.jar;D:\softwareInstall\apache-maven-3.5.3\apache-maven-3.5.3-bin\repository\ch\qos\logback\logback-core\1.2.3\logback-core-1.2.3.jar;D:\softwareInstall\apache-maven-3.5.3\apache-maven-3.5.3-bin\repository\org\apache\logging\log4j\log4j-to-slf4j\2.10.0\log4j-to-slf4j-2.10.0.jar;D:\softwareInstall\apache-maven-3.5.3\apache-maven-3.5.3-bin\repository\javax\annotation\javax.annotation-api\1.3.2\javax.annotation-api-1.3.2.jar;D:\softwareInstall\apache-maven-3.5.3\apache-maven-3.5.3-bin\repository\org\springframework\spring-core\5.0.7.RELEASE\spring-core-5.0.7.RELEASE.jar;D:\softwareInstall\apache-maven-3.5.3\apache-maven-3.5.3-bin\repository\org\springframework\spring-jcl\5.0.7.RELEASE\spring-jcl-5.0.7.RELEASE.jar;D:\softwareInstall\apache-maven-3.5.3\apache-maven-3.5.3-bin\repository\org\yaml\snakeyaml\1.19\snakeyaml-1.19.jar;D:\softwareInstall\apache-maven-3.5.3\apache-maven-3.5.3-bin\repository\org\springframework\boot\spring-boot-starter-web\2.0.3.RELEASE\spring-boot-starter-web-2.0.3.RELEASE.jar;D:\softwareInstall\apache-maven-3.5.3\apache-maven-3.5.3-bin\repository\org\springframework\boot\spring-boot-starter-json\2.0.3.RELEASE\spring-boot-starter-json-2.0.3.RELEASE.jar;D:\softwareInstall\apache-maven-3.5.3\apache-maven-3.5.3-bin\repository\com\fasterxml\jackson\core\jackson-databind\2.9.6\jackson-databind-2.9.6.jar;D:\softwareInstall\apache-maven-3.5.3\apache-maven-3.5.3-bin\repository\com\fasterxml\jackson\core\jackson-annotations\2.9.0\jackson-annotations-2.9.0.jar;D:\softwareInstall\apache-maven-3.5.3\apache-maven-3.5.3-bin\repository\com\fasterxml\jackson\core\jackson-core\2.9.6\jackson-core-2.9.6.jar;D:\softwareInstall\apache-maven-3.5.3\apache-maven-3.5.3-bin\repository\com\fasterxml\jackson\datatype\jackson-datatype-jdk8\2.9.6\jackson-datatype-jdk8-2.9.6.jar;D:\softwareInstall\apache-maven-3.5.3\apache-maven-3.5.3-bin\repository\com\fasterxml\jackson\datatype\jackson-datatype-jsr310\2.9.6\jackson-datatype-jsr310-2.9.6.jar;D:\softwareInstall\apache-maven-3.5.3\apache-maven-3.5.3-bin\repository\com\fasterxml\jackson\module\jackson-module-parameter-names\2.9.6\jackson-module-parameter-names-2.9.6.jar;D:\softwareInstall\apache-maven-3.5.3\apache-maven-3.5.3-bin\repository\org\springframework\boot\spring-boot-starter-tomcat\2.0.3.RELEASE\spring-boot-starter-tomcat-2.0.3.RELEASE.jar;D:\softwareInstall\apache-maven-3.5.3\apache-maven-3.5.3-bin\repository\org\apache\tomcat\embed\tomcat-embed-core\8.5.31\tomcat-embed-core-8.5.31.jar;D:\softwareInstall\apache-maven-3.5.3\apache-maven-3.5.3-bin\repository\org\apache\tomcat\embed\tomcat-embed-el\8.5.31\tomcat-embed-el-8.5.31.jar;D:\softwareInstall\apache-maven-3.5.3\apache-maven-3.5.3-bin\repository\org\apache\tomcat\embed\tomcat-embed-websocket\8.5.31\tomcat-embed-websocket-8.5.31.jar;D:\softwareInstall\apache-maven-3.5.3\apache-maven-3.5.3-bin\repository\org\hibernate\validator\hibernate-validator\6.0.10.Final\hibernate-validator-6.0.10.Final.jar;D:\softwareInstall\apache-maven-3.5.3\apache-maven-3.5.3-bin\repository\javax\validation\validation-api\2.0.1.Final\validation-api-2.0.1.Final.jar;D:\softwareInstall\apache-maven-3.5.3\apache-maven-3.5.3-bin\repository\org\jboss\logging\jboss-logging\3.3.2.Final\jboss-logging-3.3.2.Final.jar;D:\softwareInstall\apache-maven-3.5.3\apache-maven-3.5.3-bin\repository\com\fasterxml\classmate\1.3.4\classmate-1.3.4.jar;D:\softwareInstall\apache-maven-3.5.3\apache-maven-3.5.3-bin\repository\org\springframework\spring-web\5.0.7.RELEASE\spring-web-5.0.7.RELEASE.jar;D:\softwareInstall\apache-maven-3.5.3\apache-maven-3.5.3-bin\repository\org\springframework\spring-beans\5.0.7.RELEASE\spring-beans-5.0.7.RELEASE.jar;D:\softwareInstall\apache-maven-3.5.3\apache-maven-3.5.3-bin\repository\org\springframework\spring-webmvc\5.0.7.RELEASE\spring-webmvc-5.0.7.RELEASE.jar;D:\softwareInstall\apache-maven-3.5.3\apache-maven-3.5.3-bin\repository\org\springframework\spring-aop\5.0.7.RELEASE\spring-aop-5.0.7.RELEASE.jar;D:\softwareInstall\apache-maven-3.5.3\apache-maven-3.5.3-bin\repository\org\springframework\spring-expression\5.0.7.RELEASE\spring-expression-5.0.7.RELEASE.jar;D:\softwareInstall\apache-maven-3.5.3\apache-maven-3.5.3-bin\repository\org\springframework\boot\spring-boot-starter-data-jpa\2.0.3.RELEASE\spring-boot-starter-data-jpa-2.0.3.RELEASE.jar;D:\softwareInstall\apache-maven-3.5.3\apache-maven-3.5.3-bin\repository\org\springframework\boot\spring-boot-starter-aop\2.0.3.RELEASE\spring-boot-starter-aop-2.0.3.RELEASE.jar;D:\softwareInstall\apache-maven-3.5.3\apache-maven-3.5.3-bin\repository\org\aspectj\aspectjweaver\1.8.13\aspectjweaver-1.8.13.jar;D:\softwareInstall\apache-maven-3.5.3\apache-maven-3.5.3-bin\repository\org\springframework\boot\spring-boot-starter-jdbc\2.0.3.RELEASE\spring-boot-starter-jdbc-2.0.3.RELEASE.jar;D:\softwareInstall\apache-maven-3.5.3\apache-maven-3.5.3-bin\repository\com\zaxxer\HikariCP\2.7.9\HikariCP-2.7.9.jar;D:\softwareInstall\apache-maven-3.5.3\apache-maven-3.5.3-bin\repository\org\springframework\spring-jdbc\5.0.7.RELEASE\spring-jdbc-5.0.7.RELEASE.jar;D:\softwareInstall\apache-maven-3.5.3\apache-maven-3.5.3-bin\repository\org\hibernate\hibernate-core\5.2.17.Final\hibernate-core-5.2.17.Final.jar;D:\softwareInstall\apache-maven-3.5.3\apache-maven-3.5.3-bin\repository\org\hibernate\javax\persistence\hibernate-jpa-2.1-api\1.0.2.Final\hibernate-jpa-2.1-api-1.0.2.Final.jar;D:\softwareInstall\apache-maven-3.5.3\apache-maven-3.5.3-bin\repository\org\javassist\javassist\3.22.0-GA\javassist-3.22.0-GA.jar;D:\softwareInstall\apache-maven-3.5.3\apache-maven-3.5.3-bin\repository\antlr\antlr\2.7.7\antlr-2.7.7.jar;D:\softwareInstall\apache-maven-3.5.3\apache-maven-3.5.3-bin\repository\org\jboss\jandex\2.0.3.Final\jandex-2.0.3.Final.jar;D:\softwareInstall\apache-maven-3.5.3\apache-maven-3.5.3-bin\repository\dom4j\dom4j\1.6.1\dom4j-1.6.1.jar;D:\softwareInstall\apache-maven-3.5.3\apache-maven-3.5.3-bin\repository\org\hibernate\common\hibernate-commons-annotations\5.0.1.Final\hibernate-commons-annotations-5.0.1.Final.jar;D:\softwareInstall\apache-maven-3.5.3\apache-maven-3.5.3-bin\repository\javax\transaction\javax.transaction-api\1.2\javax.transaction-api-1.2.jar;D:\softwareInstall\apache-maven-3.5.3\apache-maven-3.5.3-bin\repository\org\springframework\data\spring-data-jpa\2.0.8.RELEASE\spring-data-jpa-2.0.8.RELEASE.jar;D:\softwareInstall\apache-maven-3.5.3\apache-maven-3.5.3-bin\repository\org\springframework\data\spring-data-commons\2.0.8.RELEASE\spring-data-commons-2.0.8.RELEASE.jar;D:\softwareInstall\apache-maven-3.5.3\apache-maven-3.5.3-bin\repository\org\springframework\spring-orm\5.0.7.RELEASE\spring-orm-5.0.7.RELEASE.jar;D:\softwareInstall\apache-maven-3.5.3\apache-maven-3.5.3-bin\repository\org\springframework\spring-tx\5.0.7.RELEASE\spring-tx-5.0.7.RELEASE.jar;D:\softwareInstall\apache-maven-3.5.3\apache-maven-3.5.3-bin\repository\org\slf4j\slf4j-api\1.7.25\slf4j-api-1.7.25.jar;D:\softwareInstall\apache-maven-3.5.3\apache-maven-3.5.3-bin\repository\org\springframework\spring-aspects\5.0.7.RELEASE\spring-aspects-5.0.7.RELEASE.jar;D:\softwareInstall\apache-maven-3.5.3\apache-maven-3.5.3-bin\repository\mysql\mysql-connector-java\5.1.46\mysql-connector-java-5.1.46.jar;D:\softwareInstall\apache-maven-3.5.3\apache-maven-3.5.3-bin\repository\org\springframework\boot\spring-boot-starter-test\2.0.3.RELEASE\spring-boot-starter-test-2.0.3.RELEASE.jar;D:\softwareInstall\apache-maven-3.5.3\apache-maven-3.5.3-bin\repository\org\springframework\boot\spring-boot-test\2.0.3.RELEASE\spring-boot-test-2.0.3.RELEASE.jar;D:\softwareInstall\apache-maven-3.5.3\apache-maven-3.5.3-bin\repository\org\springframework\boot\spring-boot-test-autoconfigure\2.0.3.RELEASE\spring-boot-test-autoconfigure-2.0.3.RELEASE.jar;D:\softwareInstall\apache-maven-3.5.3\apache-maven-3.5.3-bin\repository\com\jayway\jsonpath\json-path\2.4.0\json-path-2.4.0.jar;D:\softwareInstall\apache-maven-3.5.3\apache-maven-3.5.3-bin\repository\net\minidev\json-smart\2.3\json-smart-2.3.jar;D:\softwareInstall\apache-maven-3.5.3\apache-maven-3.5.3-bin\repository\net\minidev\accessors-smart\1.2\accessors-smart-1.2.jar;D:\softwareInstall\apache-maven-3.5.3\apache-maven-3.5.3-bin\repository\org\ow2\asm\asm\5.0.4\asm-5.0.4.jar;D:\softwareInstall\apache-maven-3.5.3\apache-maven-3.5.3-bin\repository\junit\junit\4.12\junit-4.12.jar;D:\softwareInstall\apache-maven-3.5.3\apache-maven-3.5.3-bin\repository\org\assertj\assertj-core\3.9.1\assertj-core-3.9.1.jar;D:\softwareInstall\apache-maven-3.5.3\apache-maven-3.5.3-bin\repository\org\mockito\mockito-core\2.15.0\mockito-core-2.15.0.jar;D:\softwareInstall\apache-maven-3.5.3\apache-maven-3.5.3-bin\repository\net\bytebuddy\byte-buddy\1.7.11\byte-buddy-1.7.11.jar;D:\softwareInstall\apache-maven-3.5.3\apache-maven-3.5.3-bin\repository\net\bytebuddy\byte-buddy-agent\1.7.11\byte-buddy-agent-1.7.11.jar;D:\softwareInstall\apache-maven-3.5.3\apache-maven-3.5.3-bin\repository\org\objenesis\objenesis\2.6\objenesis-2.6.jar;D:\softwareInstall\apache-maven-3.5.3\apache-maven-3.5.3-bin\repository\org\hamcrest\hamcrest-core\1.3\hamcrest-core-1.3.jar;D:\softwareInstall\apache-maven-3.5.3\apache-maven-3.5.3-bin\repository\org\hamcrest\hamcrest-library\1.3\hamcrest-library-1.3.jar;D:\softwareInstall\apache-maven-3.5.3\apache-maven-3.5.3-bin\repository\org\skyscreamer\jsonassert\1.5.0\jsonassert-1.5.0.jar;D:\softwareInstall\apache-maven-3.5.3\apache-maven-3.5.3-bin\repository\com\vaadin\external\google\android-json\0.0.20131108.vaadin1\android-json-0.0.20131108.vaadin1.jar;D:\softwareInstall\apache-maven-3.5.3\apache-maven-3.5.3-bin\repository\org\springframework\spring-test\5.0.7.RELEASE\spring-test-5.0.7.RELEASE.jar;D:\softwareInstall\apache-maven-3.5.3\apache-maven-3.5.3-bin\repository\org\xmlunit\xmlunit-core\2.5.1\xmlunit-core-2.5.1.jar;D:\softwareInstall\apache-maven-3.5.3\apache-maven-3.5.3-bin\repository\org\springframework\boot\spring-boot-starter-thymeleaf\2.0.3.RELEASE\spring-boot-starter-thymeleaf-2.0.3.RELEASE.jar;D:\softwareInstall\apache-maven-3.5.3\apache-maven-3.5.3-bin\repository\org\thymeleaf\thymeleaf-spring5\3.0.9.RELEASE\thymeleaf-spring5-3.0.9.RELEASE.jar;D:\softwareInstall\apache-maven-3.5.3\apache-maven-3.5.3-bin\repository\org\thymeleaf\thymeleaf\3.0.9.RELEASE\thymeleaf-3.0.9.RELEASE.jar;D:\softwareInstall\apache-maven-3.5.3\apache-maven-3.5.3-bin\repository\org\attoparser\attoparser\2.0.4.RELEASE\attoparser-2.0.4.RELEASE.jar;D:\softwareInstall\apache-maven-3.5.3\apache-maven-3.5.3-bin\repository\org\unbescape\unbescape\1.1.5.RELEASE\unbescape-1.1.5.RELEASE.jar;D:\softwareInstall\apache-maven-3.5.3\apache-maven-3.5.3-bin\repository\org\thymeleaf\extras\thymeleaf-extras-java8time\3.0.1.RELEASE\thymeleaf-extras-java8time-3.0.1.RELEASE.jar;D:\softwareInstall\apache-maven-3.5.3\apache-maven-3.5.3-bin\repository\org\springframework\boot\spring-boot-starter-log4j2\2.0.3.RELEASE\spring-boot-starter-log4j2-2.0.3.RELEASE.jar;D:\softwareInstall\apache-maven-3.5.3\apache-maven-3.5.3-bin\repository\org\apache\logging\log4j\log4j-slf4j-impl\2.10.0\log4j-slf4j-impl-2.10.0.jar;D:\softwareInstall\apache-maven-3.5.3\apache-maven-3.5.3-bin\repository\org\apache\logging\log4j\log4j-api\2.10.0\log4j-api-2.10.0.jar;D:\softwareInstall\apache-maven-3.5.3\apache-maven-3.5.3-bin\repository\org\apache\logging\log4j\log4j-core\2.10.0\log4j-core-2.10.0.jar;D:\softwareInstall\apache-maven-3.5.3\apache-maven-3.5.3-bin\repository\org\apache\logging\log4j\log4j-jul\2.10.0\log4j-jul-2.10.0.jar;D:\softwareInstall\apache-maven-3.5.3\apache-maven-3.5.3-bin\repository\org\slf4j\jul-to-slf4j\1.7.25\jul-to-slf4j-1.7.25.jar;D:\softwareInstall\apache-maven-3.5.3\apache-maven-3.5.3-bin\repository\org\springframework\boot\spring-boot-devtools\2.0.3.RELEASE\spring-boot-devtools-2.0.3.RELEASE.jar;"/>
    <property name="sun.cpu.endian" value="little"/>
    <property name="user.home" value="C:\Users\HS"/>
    <property name="user.language" value="zh"/>
    <property name="java.specification.vendor" value="Oracle Corporation"/>
    <property name="java.home" value="D:\softwareInstall\JDK\jdk1.8.0_66\jre"/>
    <property name="basedir" value="E:\Document\code\SpringBoot\HelloWorld"/>
    <property name="file.separator" value="\"/>
    <property name="line.separator" value="&#10;"/>
    <property name="java.vm.specification.vendor" value="Oracle Corporation"/>
    <property name="java.specification.name" value="Java Platform API Specification"/>
    <property name="java.awt.graphicsenv" value="sun.awt.Win32GraphicsEnvironment"/>
    <property name="surefire.real.class.path" value="C:\Users\HS\AppData\Local\Temp\surefire5370625777779540793\surefirebooter992894221825147646.jar"/>
    <property name="sun.boot.class.path" value="D:\softwareInstall\JDK\jdk1.8.0_66\jre\lib\resources.jar;D:\softwareInstall\JDK\jdk1.8.0_66\jre\lib\rt.jar;D:\softwareInstall\JDK\jdk1.8.0_66\jre\lib\sunrsasign.jar;D:\softwareInstall\JDK\jdk1.8.0_66\jre\lib\jsse.jar;D:\softwareInstall\JDK\jdk1.8.0_66\jre\lib\jce.jar;D:\softwareInstall\JDK\jdk1.8.0_66\jre\lib\charsets.jar;D:\softwareInstall\JDK\jdk1.8.0_66\jre\lib\jfr.jar;D:\softwareInstall\JDK\jdk1.8.0_66\jre\classes"/>
    <property name="user.script" value=""/>
    <property name="sun.management.compiler" value="HotSpot 64-Bit Tiered Compilers"/>
    <property name="java.runtime.version" value="1.8.0_66-b17"/>
    <property name="user.name" value="HS"/>
    <property name="path.separator" value=";"/>
    <property name="os.version" value="10.0"/>
    <property name="java.endorsed.dirs" value="D:\softwareInstall\JDK\jdk1.8.0_66\jre\lib\endorsed"/>
    <property name="java.runtime.name" value="Java(TM) SE Runtime Environment"/>
    <property name="file.encoding" value="GBK"/>
    <property name="java.vm.name" value="Java HotSpot(TM) 64-Bit Server VM"/>
    <property name="localRepository" value="D:\softwareInstall\apache-maven-3.5.3\apache-maven-3.5.3-bin\repository"/>
    <property name="java.vendor.url.bug" value="http://bugreport.sun.com/bugreport/"/>
    <property name="java.io.tmpdir" value="C:\Users\HS\AppData\Local\Temp\"/>
    <property name="java.version" value="1.8.0_66"/>
    <property name="user.dir" value="E:\Document\code\SpringBoot\HelloWorld"/>
    <property name="os.arch" value="amd64"/>
    <property name="java.vm.specification.name" value="Java Virtual Machine Specification"/>
    <property name="java.awt.printerjob" value="sun.awt.windows.WPrinterJob"/>
    <property name="sun.os.patch.level" value=""/>
    <property name="java.library.path" value="D:\softwareInstall\JDK\jdk1.8.0_66\jre\bin;C:\WINDOWS\Sun\Java\bin;C:\WINDOWS\system32;C:\WINDOWS;D:\softwareInstall\app\product\11.2.0\dbhome_1\bin;D:\softwareInstall\JDK\jdk1.8.0_66\bin;C:\WINDOWS\system32;C:\WINDOWS;C:\WINDOWS\System32\Wbem;C:\WINDOWS\System32\WindowsPowerShell\v1.0\;C:\Program Files (x86)\MySQL\MySQL Server 5.5\bin;D:\softwareInstall\TortoiseSVN\bin;D:\softwareInstall\nodejs\;D:\softwareInstall\MongoDb\mongodb-win32-x86_64-2.4.3\mongodb-win32-x86_64-2.4.3\bin;D:\softwareInstall\Redis\;D:\softwareInstall\apache-maven-3.5.3\apache-maven-3.5.3-bin\apache-maven-3.5.3\bin;;C:\WINDOWS\System32\OpenSSH\;C:\Users\HS\AppData\Local\Programs\Python\Python36\Scripts\;C:\Users\HS\AppData\Local\Programs\Python\Python36\;C:\Program Files\Bandizip\;F:\softwareInstall\Bandizip\;D:\softwareInstall\Bandizip\;C:\Users\HS\AppData\Local\Microsoft\WindowsApps;C:\Users\HS\AppData\Roaming\npm;;D:\softwareInstall\Fiddler2;."/>
    <property name="java.vm.info" value="mixed mode"/>
    <property name="java.vendor" value="Oracle Corporation"/>
    <property name="java.vm.version" value="25.66-b17"/>
    <property name="java.ext.dirs" value="D:\softwareInstall\JDK\jdk1.8.0_66\jre\lib\ext;C:\WINDOWS\Sun\Java\lib\ext"/>
    <property name="sun.io.unicode.encoding" value="UnicodeLittle"/>
    <property name="java.class.version" value="52.0"/>
  </properties>
  <testcase name="contextLoads" classname="com.person.springboot.HelloWorldApplicationTests" time="0.274"/>
</testsuite>